<?xml version="1.0" encoding="UTF-8"?>
<!-- Generated by org.testng.reporters.JUnitReportReporter -->
<testsuite hostname="Prabus-MacBook-Pro.local" name="SeleniumFirstTestCase.test1" tests="1" failures="0" timestamp="9 Nov 2020 07:11:35 GMT" time="3.005" errors="0">
  <testcase name="Test1" time="3.005" classname="SeleniumFirstTestCase.test1"/>
</testsuite> <!-- SeleniumFirstTestCase.test1 -->
