<?xml version="1.0" encoding="UTF-8"?>
<!-- Generated by org.testng.reporters.JUnitReportReporter -->
<testsuite hostname="Prabus-MacBook-Pro.local" name="SeleniumFirstTestCase.test1" tests="1" failures="0" timestamp="13 Oct 2020 12:54:12 GMT" time="32.043" errors="0">
  <testcase name="firstTestCase" time="32.043" classname="SeleniumFirstTestCase.test1"/>
</testsuite> <!-- SeleniumFirstTestCase.test1 -->
