<?xml version="1.0" encoding="UTF-8"?>
<!-- Generated by org.testng.reporters.JUnitReportReporter -->
<testsuite hostname="Prabus-MacBook-Pro.local" name="SeleniumFirstTestCase.test2" tests="1" failures="0" timestamp="9 Nov 2020 06:41:08 GMT" time="33.167" errors="0">
  <testcase name="Test2" time="33.167" classname="SeleniumFirstTestCase.test2"/>
</testsuite> <!-- SeleniumFirstTestCase.test2 -->
