<?xml version="1.0" encoding="UTF-8"?>
<!-- Generated by org.testng.reporters.JUnitReportReporter -->
<testsuite hostname="Prabus-MacBook-Pro.local" name="SeleniumFirstTestCase.test1" tests="1" failures="0" timestamp="13 Oct 2020 13:36:05 GMT" time="27.591" errors="0">
  <testcase name="firstTestCase" time="27.591" classname="SeleniumFirstTestCase.test1"/>
</testsuite> <!-- SeleniumFirstTestCase.test1 -->
